Info: Starting: Create block symbol file (.bsf)
Info: qsys-generate /home/smiljanic997/intelFPGA_lite/18.0/urs_0/urs_0.qsys --block-symbol-file --output-directory=/home/smiljanic997/intelFPGA_lite/18.0/urs_0/urs_0 --family="Cyclone V" --part=5CSEMA5F31C6
Progress: Loading urs_0/urs_0.qsys
Progress: Reading input file
Progress: Adding clk_0 [clock_source 18.0]
Progress: Parameterizing module clk_0
Progress: Adding driver_7seg_0 [driver_7seg 1.0]
Progress: Parameterizing module driver_7seg_0
Progress: Adding hps_0 [altera_hps 18.0]
Progress: Parameterizing module hps_0
Progress: Building connections
Progress: Parameterizing connections
Progress: Validating
Progress: Done reading input file
Info: urs_0.hps_0: HPS Main PLL counter settings: n = 0  m = 63
Info: urs_0.hps_0: HPS peripherial PLL counter settings: n = 0  m = 39
Warning: urs_0.hps_0: set_interface_assignment: Interface "hps_io" does not exist
Info: qsys-generate succeeded.
Info: Finished: Create block symbol file (.bsf)
Info: 
Info: Starting: Create HDL design files for synthesis
Info: qsys-generate /home/smiljanic997/intelFPGA_lite/18.0/urs_0/urs_0.qsys --synthesis=VHDL --output-directory=/home/smiljanic997/intelFPGA_lite/18.0/urs_0/urs_0/synthesis --family="Cyclone V" --part=5CSEMA5F31C6
Progress: Loading urs_0/urs_0.qsys
Progress: Reading input file
Progress: Adding clk_0 [clock_source 18.0]
Progress: Parameterizing module clk_0
Progress: Adding driver_7seg_0 [driver_7seg 1.0]
Progress: Parameterizing module driver_7seg_0
Progress: Adding hps_0 [altera_hps 18.0]
Progress: Parameterizing module hps_0
Progress: Building connections
Progress: Parameterizing connections
Progress: Validating
Progress: Done reading input file
Info: urs_0.hps_0: HPS Main PLL counter settings: n = 0  m = 63
Info: urs_0.hps_0: HPS peripherial PLL counter settings: n = 0  m = 39
Warning: urs_0.hps_0: set_interface_assignment: Interface "hps_io" does not exist
Info: urs_0: Generating urs_0 "urs_0" for QUARTUS_SYNTH
Info: Interconnect is inserted between master hps_0.h2f_lw_axi_master and slave driver_7seg_0.s0 because the master is of type axi and the slave is of type avalon.
Info: driver_7seg_0: "urs_0" instantiated driver_7seg "driver_7seg_0"
Info: hps_0: "Running  for module: hps_0"
Info: hps_0: HPS Main PLL counter settings: n = 0  m = 63
Info: hps_0: HPS peripherial PLL counter settings: n = 0  m = 39
Warning: hps_0: set_interface_assignment: Interface "hps_io" does not exist
Info: hps_0: "urs_0" instantiated altera_hps "hps_0"
Info: avalon_st_adapter: Inserting error_adapter: error_adapter_0
Info: mm_interconnect_0: "urs_0" instantiated altera_mm_interconnect "mm_interconnect_0"
Info: rst_controller: "urs_0" instantiated altera_reset_controller "rst_controller"
Info: fpga_interfaces: "hps_0" instantiated altera_interface_generator "fpga_interfaces"
Info: hps_io: "hps_0" instantiated altera_hps_io "hps_io"
Info: driver_7seg_0_s0_translator: "mm_interconnect_0" instantiated altera_merlin_slave_translator "driver_7seg_0_s0_translator"
Info: hps_0_h2f_lw_axi_master_agent: "mm_interconnect_0" instantiated altera_merlin_axi_master_ni "hps_0_h2f_lw_axi_master_agent"
Info: driver_7seg_0_s0_agent: "mm_interconnect_0" instantiated altera_merlin_slave_agent "driver_7seg_0_s0_agent"
Info: driver_7seg_0_s0_agent_rsp_fifo: "mm_interconnect_0" instantiated altera_avalon_sc_fifo "driver_7seg_0_s0_agent_rsp_fifo"
Info: router: "mm_interconnect_0" instantiated altera_merlin_router "router"
Info: router_002: "mm_interconnect_0" instantiated altera_merlin_router "router_002"
Info: driver_7seg_0_s0_burst_adapter: "mm_interconnect_0" instantiated altera_merlin_burst_adapter "driver_7seg_0_s0_burst_adapter"
Info: Reusing file /home/smiljanic997/intelFPGA_lite/18.0/urs_0/urs_0/synthesis/submodules/altera_merlin_address_alignment.sv
Info: cmd_demux: "mm_interconnect_0" instantiated altera_merlin_demultiplexer "cmd_demux"
Info: cmd_mux: "mm_interconnect_0" instantiated altera_merlin_multiplexer "cmd_mux"
Info: rsp_demux: "mm_interconnect_0" instantiated altera_merlin_demultiplexer "rsp_demux"
Info: rsp_mux: "mm_interconnect_0" instantiated altera_merlin_multiplexer "rsp_mux"
Info: Reusing file /home/smiljanic997/intelFPGA_lite/18.0/urs_0/urs_0/synthesis/submodules/altera_merlin_arbitrator.sv
Info: avalon_st_adapter: "mm_interconnect_0" instantiated altera_avalon_st_adapter "avalon_st_adapter"
Info: border: "hps_io" instantiated altera_interface_generator "border"
Info: error_adapter_0: "avalon_st_adapter" instantiated error_adapter "error_adapter_0"
Info: urs_0: Done "urs_0" with 21 modules, 76 files
Info: qsys-generate succeeded.
Info: Finished: Create HDL design files for synthesis
